<?xml version="1.0" encoding="UTF-8"?>
<testng-results skipped="0" failed="0" ignored="0" total="3" passed="3">
  <reporter-output>
  </reporter-output>
  <suite name="Default suite" duration-ms="23769" started-at="2017-11-26T22:26:28Z" finished-at="2017-11-26T22:26:52Z">
    <groups>
    </groups>
    <test name="Default test" duration-ms="23769" started-at="2017-11-26T22:26:28Z" finished-at="2017-11-26T22:26:52Z">
      <class name="com.demoqa_registration_tests.WeakPwdRegistrationTest">
        <test-method status="PASS" signature="setUp()[pri:0, instance:com.demoqa_registration_tests.WeakPwdRegistrationTest@5442a311]" name="setUp" is-config="true" duration-ms="4879" started-at="2017-11-26T17:26:28Z" finished-at="2017-11-26T17:26:33Z">
          <reporter-output>
          </reporter-output>
        </test-method> <!-- setUp -->
        <test-method status="PASS" signature="invalidPasswordTest()[pri:0, instance:com.demoqa_registration_tests.WeakPwdRegistrationTest@5442a311]" name="invalidPasswordTest" duration-ms="2083" started-at="2017-11-26T17:26:33Z" finished-at="2017-11-26T17:26:35Z">
          <reporter-output>
          </reporter-output>
        </test-method> <!-- invalidPasswordTest -->
        <test-method status="PASS" signature="closeWindow()[pri:0, instance:com.demoqa_registration_tests.WeakPwdRegistrationTest@5442a311]" name="closeWindow" is-config="true" duration-ms="886" started-at="2017-11-26T17:26:35Z" finished-at="2017-11-26T17:26:36Z">
          <reporter-output>
          </reporter-output>
        </test-method> <!-- closeWindow -->
        <test-method status="PASS" signature="setUp()[pri:0, instance:com.demoqa_registration_tests.WeakPwdRegistrationTest@5442a311]" name="setUp" is-config="true" duration-ms="4164" started-at="2017-11-26T17:26:36Z" finished-at="2017-11-26T17:26:40Z">
          <reporter-output>
          </reporter-output>
        </test-method> <!-- setUp -->
        <test-method status="PASS" signature="strongPassword()[pri:0, instance:com.demoqa_registration_tests.WeakPwdRegistrationTest@5442a311]" name="strongPassword" duration-ms="4070" started-at="2017-11-26T17:26:40Z" finished-at="2017-11-26T17:26:44Z">
          <reporter-output>
          </reporter-output>
        </test-method> <!-- strongPassword -->
        <test-method status="PASS" signature="closeWindow()[pri:0, instance:com.demoqa_registration_tests.WeakPwdRegistrationTest@5442a311]" name="closeWindow" is-config="true" duration-ms="848" started-at="2017-11-26T17:26:44Z" finished-at="2017-11-26T17:26:45Z">
          <reporter-output>
          </reporter-output>
        </test-method> <!-- closeWindow -->
        <test-method status="PASS" signature="setUp()[pri:0, instance:com.demoqa_registration_tests.WeakPwdRegistrationTest@5442a311]" name="setUp" is-config="true" duration-ms="3842" started-at="2017-11-26T17:26:45Z" finished-at="2017-11-26T17:26:49Z">
          <reporter-output>
          </reporter-output>
        </test-method> <!-- setUp -->
        <test-method status="PASS" signature="weakPasswordTest()[pri:0, instance:com.demoqa_registration_tests.WeakPwdRegistrationTest@5442a311]" name="weakPasswordTest" duration-ms="2168" started-at="2017-11-26T17:26:49Z" finished-at="2017-11-26T17:26:51Z">
          <reporter-output>
          </reporter-output>
        </test-method> <!-- weakPasswordTest -->
        <test-method status="PASS" signature="closeWindow()[pri:0, instance:com.demoqa_registration_tests.WeakPwdRegistrationTest@5442a311]" name="closeWindow" is-config="true" duration-ms="808" started-at="2017-11-26T17:26:51Z" finished-at="2017-11-26T17:26:52Z">
          <reporter-output>
          </reporter-output>
        </test-method> <!-- closeWindow -->
      </class> <!-- com.demoqa_registration_tests.WeakPwdRegistrationTest -->
    </test> <!-- Default test -->
  </suite> <!-- Default suite -->
</testng-results>
