<?xml version="1.0" encoding="UTF-8"?>
<!-- Generated by org.testng.reporters.JUnitXMLReporter -->
<testsuite hostname="ROSATO-BRZR8FRS" ignored="0" name="Default test" tests="3" failures="0" timestamp="26 Nov 2017 22:26:52 GMT" time="23.769" errors="0">
  <testcase name="invalidPasswordTest" time="2.083" classname="com.demoqa_registration_tests.WeakPwdRegistrationTest"/>
  <testcase name="strongPassword" time="4.07" classname="com.demoqa_registration_tests.WeakPwdRegistrationTest"/>
  <testcase name="weakPasswordTest" time="2.168" classname="com.demoqa_registration_tests.WeakPwdRegistrationTest"/>
</testsuite> <!-- Default test -->
