<?xml version="1.0" encoding="UTF-8"?>
<!-- Generated by org.testng.reporters.JUnitXMLReporter -->
<testsuite hostname="ROSATO-BRZR8FRS" ignored="0" name="Default test" tests="3" failures="0" timestamp="29 Nov 2017 01:13:58 GMT" time="25.366" errors="0">
  <testcase name="invalidPasswordTest" time="1.977" classname="com.demoqa_registration_tests.RegistrationTests"/>
  <testcase name="strongPassword" time="6.855" classname="com.demoqa_registration_tests.RegistrationTests"/>
  <testcase name="weakPasswordTest" time="1.991" classname="com.demoqa_registration_tests.RegistrationTests"/>
</testsuite> <!-- Default test -->
